#
# A fatal error has been detected by the Java Runtime Environment:
#
#  SIGSEGV (0xb) at pc=0x000000010ba0c228, pid=7437, tid=19203
#
# JRE version: Java(TM) SE Runtime Environment (8.0_11-b12) (build 1.8.0_11-b12)
# Java VM: Java HotSpot(TM) 64-Bit Server VM (25.11-b03 mixed mode bsd-amd64 compressed oops)
# Problematic frame:
# V  [libjvm.dylib+0x40c228]
#
# Failed to write core dump. Core dumps have been disabled. To enable core dumping, try "ulimit -c unlimited" before starting Java again
#
# If you would like to submit a bug report, please visit:
#   http://bugreport.sun.com/bugreport/crash.jsp
#

---------------  T H R E A D  ---------------

Current thread (0x00007fc376828000):  JavaThread "JDWP Transport Listener: dt_socket" daemon [_thread_in_vm, id=19203, stack(0x0000700000f47000,0x0000700001047000)]

siginfo:si_signo=SIGSEGV: si_errno=0, si_code=1 (SEGV_MAPERR), si_addr=0x00007fc300000008

Registers:
RAX=0x0000000000000001, RBX=0x0000700001046a8b, RCX=0x000000010bdb0780, RDX=0x0000700001046a8b
RSP=0x00007000010469d0, RBP=0x00007000010469e0, RSI=0x00007fc376828000, RDI=0x00007fc300000008
R8 =0x0000000000000001, R9 =0x0000000000000000, R10=0x0000000000000002, R11=0x00007fc375a00000
R12=0x00007fc376828000, R13=0x00007fc300000008, R14=0x00007fc300000008, R15=0x00007fc37340d330
RIP=0x000000010ba0c228, EFLAGS=0x0000000000010202, ERR=0x0000000000000004
  TRAPNO=0x000000000000000e

Top of Stack: (sp=0x00007000010469d0)
0x00007000010469d0:   0000700001046a8b 0000700001046a8b
0x00007000010469e0:   0000700001046a40 000000010b92552a
0x00007000010469f0:   00007fc376828000 0000000000000000
0x0000700001046a00:   0000000000000000 0000000000000000
0x0000700001046a10:   00007fc376828000 00007fc376828000
0x0000700001046a20:   0000700001046a8b 0000700001046a90
0x0000700001046a30:   00007fc300000008 0000000000000006
0x0000700001046a40:   0000700001046a60 000000010a4d37dc
0x0000700001046a50:   0000000000000001 0000700001046b08
0x0000700001046a60:   0000700001046ad0 000000010a4b8263
0x0000700001046a70:   0000700001046aa0 00007fc375a20880
0x0000700001046a80:   0000000700000032 0000000a00046b08
0x0000700001046a90:   0000000000000000 0000000000000000
0x0000700001046aa0:   0000000000000000 0000700001046c90
0x0000700001046ab0:   000000010a4daeca 00007fc37581c980
0x0000700001046ac0:   0000700001046b08 000000010a4e6588
0x0000700001046ad0:   0000700001046ae0 000000010a4b835c
0x0000700001046ae0:   0000700001046d00 000000010a4c18f6
0x0000700001046af0:   0000027f00000013 00000000000f0200
0x0000700001046b00:   00007fc37581c9a0 00007fc375a2120b
0x0000700001046b10:   00007fc3000001ed 00007fc375a20080
0x0000700001046b20:   000000000000012c 0000700001046b58
0x0000700001046b30:   00007fc375a20080 0000000000000000
0x0000700001046b40:   0000027f0000001c 00007fff0000dc80
0x0000700001046b50:   0000700001046b58 c37f000007000000
0x0000700001046b60:   1f0000002801a275 756e6e696174626f
0x0000700001046b70:   664173726168436d 6e69727453726574
0x0000700001046b80:   00646e69466f5467 616a4c2928140000
0x0000700001046b90:   2f676e616c2f6176 003b676e69727453
0x0000700001046ba0:   000a000000000000 00f800a275c37f00
0x0000700001046bb0:   006e69616d040000 616a4c5b28160000
0x0000700001046bc0:   2f676e616c2f6176 293b676e69727453 

Instructions: (pc=0x000000010ba0c228)
0x000000010ba0c208:   40 48 48 85 c0 75 e0 30 c0 0f b6 c0 5d c3 31 c0
0x000000010ba0c218:   5d c3 55 48 89 e5 53 48 83 ec 08 48 85 ff 74 24
0x000000010ba0c228:   48 8b 1f 48 85 db 74 1c 48 83 fb 37 74 16 48 8b
0x000000010ba0c238:   03 48 89 df ff 50 08 84 c0 b8 00 00 00 00 48 0f 

Register to memory mapping:

RAX=0x0000000000000001 is an unknown value
RBX=0x0000700001046a8b is pointing into the stack for thread: 0x00007fc376828000
RCX=0x000000010bdb0780: UseMembar+0 in /Library/Java/JavaVirtualMachines/jdk1.8.0_11.jdk/Contents/Home/jre/lib/server/libjvm.dylib at 0x000000010b600000
RDX=0x0000700001046a8b is pointing into the stack for thread: 0x00007fc376828000
RSP=0x00007000010469d0 is pointing into the stack for thread: 0x00007fc376828000
RBP=0x00007000010469e0 is pointing into the stack for thread: 0x00007fc376828000
RSI=0x00007fc376828000 is a thread
RDI=0x00007fc300000008 is an unknown value
R8 =0x0000000000000001 is an unknown value
R9 =0x0000000000000000 is an unknown value
R10=0x0000000000000002 is an unknown value
R11=0x00007fc375a00000 is an unknown value
R12=0x00007fc376828000 is a thread
R13=0x00007fc300000008 is an unknown value
R14=0x00007fc300000008 is an unknown value
R15=0x00007fc37340d330 is an unknown value


Stack: [0x0000700000f47000,0x0000700001047000],  sp=0x00007000010469d0,  free space=1022k
Native frames: (J=compiled Java code, j=interpreted, Vv=VM code, C=native code)
V  [libjvm.dylib+0x40c228]
V  [libjvm.dylib+0x32552a]
C  [libjdwp.dylib+0x207dc]  isMethodSynthetic+0x63
C  [libjdwp.dylib+0x5263]  methods1+0x10b
C  [libjdwp.dylib+0x535c]  methodsWithGeneric+0xe
C  [libjdwp.dylib+0xe8f6]  debugLoop_run+0x1ce
C  [libjdwp.dylib+0x1f716]  attachThread+0x4d
V  [libjvm.dylib+0x36659a]
V  [libjvm.dylib+0x51d86d]
V  [libjvm.dylib+0x51efaa]
V  [libjvm.dylib+0x446026]
C  [libsystem_pthread.dylib+0x399d]  _pthread_body+0x83
C  [libsystem_pthread.dylib+0x391a]  _pthread_body+0x0
C  [libsystem_pthread.dylib+0x1351]  thread_start+0xd


---------------  P R O C E S S  ---------------

Java Threads: ( => current thread )
  0x00007fc373843000 JavaThread "Service Thread" daemon [_thread_blocked, id=22787, stack(0x000070000165c000,0x000070000175c000)]
  0x00007fc37601f000 JavaThread "C1 CompilerThread3" daemon [_thread_blocked, id=22275, stack(0x0000700001559000,0x0000700001659000)]
  0x00007fc373844000 JavaThread "C2 CompilerThread2" daemon [_thread_blocked, id=21763, stack(0x0000700001456000,0x0000700001556000)]
  0x00007fc376013800 JavaThread "C2 CompilerThread1" daemon [_thread_blocked, id=21251, stack(0x0000700001353000,0x0000700001453000)]
  0x00007fc376008800 JavaThread "C2 CompilerThread0" daemon [_thread_blocked, id=20739, stack(0x0000700001250000,0x0000700001350000)]
  0x00007fc376008000 JavaThread "JDWP Command Reader" daemon [_thread_in_native, id=20227, stack(0x000070000114d000,0x000070000124d000)]
  0x00007fc376807000 JavaThread "JDWP Event Helper Thread" daemon [_thread_blocked, id=19715, stack(0x000070000104a000,0x000070000114a000)]
=>0x00007fc376828000 JavaThread "JDWP Transport Listener: dt_socket" daemon [_thread_in_vm, id=19203, stack(0x0000700000f47000,0x0000700001047000)]
  0x00007fc376806000 JavaThread "Signal Dispatcher" daemon [_thread_blocked, id=14863, stack(0x0000700000e44000,0x0000700000f44000)]
  0x00007fc376822800 JavaThread "Finalizer" daemon [_thread_blocked, id=14339, stack(0x0000700000c3b000,0x0000700000d3b000)]
  0x00007fc373832800 JavaThread "Reference Handler" daemon [_thread_blocked, id=13827, stack(0x0000700000b38000,0x0000700000c38000)]
  0x00007fc374000000 JavaThread "main" [_thread_blocked, id=5891, stack(0x000070000011a000,0x000070000021a000)]

Other Threads:
  0x00007fc375007800 VMThread [stack: 0x0000700000a35000,0x0000700000b35000] [id=13315]
  0x00007fc377802800 WatcherThread [stack: 0x000070000175f000,0x000070000185f000] [id=23299]

VM state:not at safepoint (normal execution)

VM Mutex/Monitor currently owned by a thread: None

Heap:
 PSYoungGen      total 1024K, used 971K [0x000000076ab00000, 0x000000076ac80000, 0x00000007c0000000)
  eden space 512K, 92% used [0x000000076ab00000,0x000000076ab76fb0,0x000000076ab80000)
  from space 512K, 96% used [0x000000076ab80000,0x000000076abfc010,0x000000076ac00000)
  to   space 512K, 0% used [0x000000076ac00000,0x000000076ac00000,0x000000076ac80000)
 ParOldGen       total 260608K, used 16K [0x00000006c0000000, 0x00000006cfe80000, 0x000000076ab00000)
  object space 260608K, 0% used [0x00000006c0000000,0x00000006c0004000,0x00000006cfe80000)
 Metaspace       used 3494K, capacity 4566K, committed 4864K, reserved 1056768K
  class space    used 389K, capacity 390K, committed 512K, reserved 1048576K

Card table byte_map: [0x000000011b881000,0x000000011c082000] byte_map_base: 0x0000000118281000

Marking Bits: (ParMarkBitMap*) 0x000000010be670a0
 Begin Bits: [0x000000011c5d8000, 0x00000001205d8000)
 End Bits:   [0x00000001205d8000, 0x00000001245d8000)

Polling page: 0x000000010a4b2000

CodeCache: size=245760Kb used=1194Kb max_used=1194Kb free=244565Kb
 bounds [0x000000010c4c1000, 0x000000010c731000, 0x000000011b4c1000]
 total_blobs=294 nmethods=59 adapters=159
 compilation: enabled

Compilation events (10 events):
Event: 0.241 Thread 0x00007fc37601f000   55       1       java.util.ArrayList::size (5 bytes)
Event: 0.241 Thread 0x00007fc37601f000 nmethod 55 0x000000010c5e9c50 code [0x000000010c5e9da0, 0x000000010c5e9eb0]
Event: 0.242 Thread 0x00007fc37601f000   56       3       java.lang.AbstractStringBuilder::<init> (12 bytes)
Event: 0.242 Thread 0x00007fc37601f000 nmethod 56 0x000000010c5ea950 code [0x000000010c5eaac0, 0x000000010c5ead10]
Event: 9.465 Thread 0x00007fc37601f000   57       3       java.lang.Character::toLowerCase (6 bytes)
Event: 9.465 Thread 0x00007fc37601f000 nmethod 57 0x000000010c5eadd0 code [0x000000010c5eaf40, 0x000000010c5eb1d8]
Event: 9.465 Thread 0x00007fc37601f000   58       3       java.lang.Character::toLowerCase (9 bytes)
Event: 9.465 Thread 0x00007fc37601f000 nmethod 58 0x000000010c5eb310 code [0x000000010c5eb480, 0x000000010c5eb6b8]
Event: 2055.413 Thread 0x00007fc37601f000   59       3       java.util.concurrent.ConcurrentHashMap::spread (10 bytes)
Event: 2055.413 Thread 0x00007fc37601f000 nmethod 59 0x000000010c5eb790 code [0x000000010c5eb8e0, 0x000000010c5eba10]

GC Heap History (2 events):
Event: 0.203 GC heap before
{Heap before GC invocations=1 (full 0):
 PSYoungGen      total 1024K, used 511K [0x000000076ab00000, 0x000000076ac80000, 0x00000007c0000000)
  eden space 512K, 99% used [0x000000076ab00000,0x000000076ab7ffd0,0x000000076ab80000)
  from space 512K, 0% used [0x000000076ac00000,0x000000076ac00000,0x000000076ac80000)
  to   space 512K, 0% used [0x000000076ab80000,0x000000076ab80000,0x000000076ac00000)
 ParOldGen       total 260608K, used 0K [0x00000006c0000000, 0x00000006cfe80000, 0x000000076ab00000)
  object space 260608K, 0% used [0x00000006c0000000,0x00000006c0000000,0x00000006cfe80000)
 Metaspace       used 2519K, capacity 4480K, committed 4480K, reserved 1056768K
  class space    used 268K, capacity 384K, committed 384K, reserved 1048576K
Event: 0.204 GC heap after
Heap after GC invocations=1 (full 0):
 PSYoungGen      total 1024K, used 496K [0x000000076ab00000, 0x000000076ac80000, 0x00000007c0000000)
  eden space 512K, 0% used [0x000000076ab00000,0x000000076ab00000,0x000000076ab80000)
  from space 512K, 96% used [0x000000076ab80000,0x000000076abfc010,0x000000076ac00000)
  to   space 512K, 0% used [0x000000076ac00000,0x000000076ac00000,0x000000076ac80000)
 ParOldGen       total 260608K, used 16K [0x00000006c0000000, 0x00000006cfe80000, 0x000000076ab00000)
  object space 260608K, 0% used [0x00000006c0000000,0x00000006c0004000,0x00000006cfe80000)
 Metaspace       used 2519K, capacity 4480K, committed 4480K, reserved 1056768K
  class space    used 268K, capacity 384K, committed 384K, reserved 1048576K
}

Deoptimization events (0 events):
No events

Internal exceptions (9 events):
Event: 0.042 Thread 0x00007fc374000000 Exception <a 'java/lang/NoSuchMethodError': Method sun.misc.Unsafe.defineClass(Ljava/lang/String;[BII)Ljava/lang/Class; name or signature does not match> (0x000000076ab14620) thrown at [/HUDSON3/workspace/8-2-build-macosx-x86_64/jdk8u11/648/hotspot/src/sh
Event: 0.042 Thread 0x00007fc374000000 Exception <a 'java/lang/NoSuchMethodError': Method sun.misc.Unsafe.prefetchRead(Ljava/lang/Object;J)V name or signature does not match> (0x000000076ab148b0) thrown at [/HUDSON3/workspace/8-2-build-macosx-x86_64/jdk8u11/648/hotspot/src/share/vm/prims/jni.c
Event: 0.211 Thread 0x00007fc374000000 Exception <a 'java/security/PrivilegedActionException'> (0x000000076ab26c78) thrown at [/HUDSON3/workspace/8-2-build-macosx-x86_64/jdk8u11/648/hotspot/src/share/vm/prims/jvm.cpp, line 1248]
Event: 0.234 Thread 0x00007fc374000000 Exception <a 'java/security/PrivilegedActionException'> (0x000000076ab53530) thrown at [/HUDSON3/workspace/8-2-build-macosx-x86_64/jdk8u11/648/hotspot/src/share/vm/prims/jvm.cpp, line 1248]
Event: 0.234 Thread 0x00007fc374000000 Exception <a 'java/security/PrivilegedActionException'> (0x000000076ab53878) thrown at [/HUDSON3/workspace/8-2-build-macosx-x86_64/jdk8u11/648/hotspot/src/share/vm/prims/jvm.cpp, line 1248]
Event: 0.234 Thread 0x00007fc374000000 Exception <a 'java/security/PrivilegedActionException'> (0x000000076ab56c20) thrown at [/HUDSON3/workspace/8-2-build-macosx-x86_64/jdk8u11/648/hotspot/src/share/vm/prims/jvm.cpp, line 1248]
Event: 0.234 Thread 0x00007fc374000000 Exception <a 'java/security/PrivilegedActionException'> (0x000000076ab56f68) thrown at [/HUDSON3/workspace/8-2-build-macosx-x86_64/jdk8u11/648/hotspot/src/share/vm/prims/jvm.cpp, line 1248]
Event: 0.239 Thread 0x00007fc374000000 Exception <a 'java/security/PrivilegedActionException'> (0x000000076ab6b4d0) thrown at [/HUDSON3/workspace/8-2-build-macosx-x86_64/jdk8u11/648/hotspot/src/share/vm/prims/jvm.cpp, line 1248]
Event: 0.240 Thread 0x00007fc374000000 Exception <a 'java/security/PrivilegedActionException'> (0x000000076ab6ecf0) thrown at [/HUDSON3/workspace/8-2-build-macosx-x86_64/jdk8u11/648/hotspot/src/share/vm/prims/jvm.cpp, line 1248]

Events (10 events):
Event: 1125.976 Executing VM operation: ChangeBreakpoints
Event: 1125.976 Executing VM operation: ChangeBreakpoints done
Event: 1295.963 Executing VM operation: RedefineClasses
Event: 1295.963 Executing VM operation: RedefineClasses done
Event: 1295.966 Executing VM operation: ChangeBreakpoints
Event: 1295.967 Executing VM operation: ChangeBreakpoints done
Event: 1295.967 Executing VM operation: ChangeBreakpoints
Event: 1295.967 Executing VM operation: ChangeBreakpoints done
Event: 2055.414 Executing VM operation: RedefineClasses
Event: 2055.414 Executing VM operation: RedefineClasses done


Dynamic libraries:
0x0000000006b7b000 	/System/Library/Frameworks/Cocoa.framework/Versions/A/Cocoa
0x0000000006b7b000 	/System/Library/Frameworks/Security.framework/Versions/A/Security
0x0000000006b7b000 	/System/Library/Frameworks/ApplicationServices.framework/Versions/A/ApplicationServices
0x0000000006b7b000 	/usr/lib/libz.1.dylib
0x0000000006b7b000 	/usr/lib/libSystem.B.dylib
0x0000000006b7b000 	/usr/lib/libobjc.A.dylib
0x0000000006b7b000 	/System/Library/Frameworks/CoreFoundation.framework/Versions/A/CoreFoundation
0x0000000006b7b000 	/System/Library/Frameworks/Foundation.framework/Versions/C/Foundation
0x0000000006b7b000 	/System/Library/Frameworks/AppKit.framework/Versions/C/AppKit
0x0000000006b7b000 	/System/Library/Frameworks/CoreData.framework/Versions/A/CoreData
0x0000000006b7b000 	/System/Library/PrivateFrameworks/RemoteViewServices.framework/Versions/A/RemoteViewServices
0x0000000006b7b000 	/System/Library/PrivateFrameworks/UIFoundation.framework/Versions/A/UIFoundation
0x0000000006b7b000 	/usr/lib/libScreenReader.dylib
0x0000000006b7b000 	/System/Library/Frameworks/Accelerate.framework/Versions/A/Accelerate
0x0000000006b7b000 	/System/Library/Frameworks/IOSurface.framework/Versions/A/IOSurface
0x0000000006b7b000 	/System/Library/Frameworks/AudioToolbox.framework/Versions/A/AudioToolbox
0x0000000006b7b000 	/System/Library/Frameworks/AudioUnit.framework/Versions/A/AudioUnit
0x0000000006b7b000 	/System/Library/PrivateFrameworks/DataDetectorsCore.framework/Versions/A/DataDetectorsCore
0x0000000006b7b000 	/System/Library/PrivateFrameworks/DesktopServicesPriv.framework/Versions/A/DesktopServicesPriv
0x0000000006b7b000 	/System/Library/Frameworks/Carbon.framework/Versions/A/Frameworks/HIToolbox.framework/Versions/A/HIToolbox
0x0000000006b7b000 	/System/Library/Frameworks/QuartzCore.framework/Versions/A/QuartzCore
0x0000000006b7b000 	/System/Library/Frameworks/Carbon.framework/Versions/A/Frameworks/SpeechRecognition.framework/Versions/A/SpeechRecognition
0x0000000006b7b000 	/usr/lib/libauto.dylib
0x0000000006b7b000 	/usr/lib/libicucore.A.dylib
0x0000000006b7b000 	/usr/lib/libxml2.2.dylib
0x0000000006b7b000 	/System/Library/PrivateFrameworks/CoreUI.framework/Versions/A/CoreUI
0x0000000006b7b000 	/System/Library/Frameworks/CoreAudio.framework/Versions/A/CoreAudio
0x0000000006b7b000 	/System/Library/Frameworks/DiskArbitration.framework/Versions/A/DiskArbitration
0x0000000006b7b000 	/usr/lib/liblangid.dylib
0x0000000006b7b000 	/System/Library/PrivateFrameworks/MultitouchSupport.framework/Versions/A/MultitouchSupport
0x0000000006b7b000 	/System/Library/Frameworks/IOKit.framework/Versions/A/IOKit
0x0000000006b7b000 	/usr/lib/libDiagnosticMessagesClient.dylib
0x0000000006b7b000 	/System/Library/Frameworks/CoreServices.framework/Versions/A/CoreServices
0x0000000006b7b000 	/System/Library/PrivateFrameworks/PerformanceAnalysis.framework/Versions/A/PerformanceAnalysis
0x0000000006b7b000 	/System/Library/PrivateFrameworks/GenerationalStorage.framework/Versions/A/GenerationalStorage
0x0000000006b7b000 	/System/Library/Frameworks/OpenGL.framework/Versions/A/OpenGL
0x0000000006b7b000 	/System/Library/PrivateFrameworks/Sharing.framework/Versions/A/Sharing
0x0000000006b7b000 	/System/Library/Frameworks/CoreGraphics.framework/Versions/A/CoreGraphics
0x0000000006b7b000 	/System/Library/Frameworks/CoreImage.framework/Versions/A/CoreImage
0x0000000006b7b000 	/System/Library/Frameworks/CoreText.framework/Versions/A/CoreText
0x0000000006b7b000 	/System/Library/Frameworks/ImageIO.framework/Versions/A/ImageIO
0x0000000006b7b000 	/System/Library/PrivateFrameworks/Backup.framework/Versions/A/Backup
0x0000000006b7b000 	/usr/lib/libextension.dylib
0x0000000006b7b000 	/usr/lib/libarchive.2.dylib
0x0000000006b7b000 	/System/Library/Frameworks/CFNetwork.framework/Versions/A/CFNetwork
0x0000000006b7b000 	/System/Library/Frameworks/SystemConfiguration.framework/Versions/A/SystemConfiguration
0x0000000006b7b000 	/usr/lib/libCRFSuite.dylib
0x0000000006b7b000 	/usr/lib/libc++.1.dylib
0x0000000006b7b000 	/usr/lib/libc++abi.dylib
0x0000000006b7b000 	/usr/lib/system/libcache.dylib
0x0000000006b7b000 	/usr/lib/system/libcommonCrypto.dylib
0x0000000006b7b000 	/usr/lib/system/libcompiler_rt.dylib
0x0000000006b7b000 	/usr/lib/system/libcopyfile.dylib
0x0000000006b7b000 	/usr/lib/system/libcorecrypto.dylib
0x0000000006b7b000 	/usr/lib/system/libdispatch.dylib
0x0000000006b7b000 	/usr/lib/system/libdyld.dylib
0x0000000006b7b000 	/usr/lib/system/libkeymgr.dylib
0x0000000006b7b000 	/usr/lib/system/liblaunch.dylib
0x0000000006b7b000 	/usr/lib/system/libmacho.dylib
0x0000000006b7b000 	/usr/lib/system/libquarantine.dylib
0x0000000006b7b000 	/usr/lib/system/libremovefile.dylib
0x0000000006b7b000 	/usr/lib/system/libsystem_asl.dylib
0x0000000006b7b000 	/usr/lib/system/libsystem_blocks.dylib
0x0000000006b7b000 	/usr/lib/system/libsystem_c.dylib
0x0000000006b7b000 	/usr/lib/system/libsystem_configuration.dylib
0x0000000006b7b000 	/usr/lib/system/libsystem_coreservices.dylib
0x0000000006b7b000 	/usr/lib/system/libsystem_coretls.dylib
0x0000000006b7b000 	/usr/lib/system/libsystem_dnssd.dylib
0x0000000006b7b000 	/usr/lib/system/libsystem_info.dylib
0x0000000006b7b000 	/usr/lib/system/libsystem_kernel.dylib
0x0000000006b7b000 	/usr/lib/system/libsystem_m.dylib
0x0000000006b7b000 	/usr/lib/system/libsystem_malloc.dylib
0x0000000006b7b000 	/usr/lib/system/libsystem_network.dylib
0x0000000006b7b000 	/usr/lib/system/libsystem_networkextension.dylib
0x0000000006b7b000 	/usr/lib/system/libsystem_notify.dylib
0x0000000006b7b000 	/usr/lib/system/libsystem_platform.dylib
0x0000000006b7b000 	/usr/lib/system/libsystem_pthread.dylib
0x0000000006b7b000 	/usr/lib/system/libsystem_sandbox.dylib
0x0000000006b7b000 	/usr/lib/system/libsystem_secinit.dylib
0x0000000006b7b000 	/usr/lib/system/libsystem_trace.dylib
0x0000000006b7b000 	/usr/lib/system/libunc.dylib
0x0000000006b7b000 	/usr/lib/system/libunwind.dylib
0x0000000006b7b000 	/usr/lib/system/libxpc.dylib
0x0000000006b7b000 	/usr/lib/libenergytrace.dylib
0x0000000006b7b000 	/usr/lib/libbsm.0.dylib
0x0000000006b7b000 	/usr/lib/system/libkxld.dylib
0x0000000006b7b000 	/usr/lib/libxar.1.dylib
0x0000000006b7b000 	/usr/lib/libsqlite3.dylib
0x0000000006b7b000 	/usr/lib/libpam.2.dylib
0x0000000006b7b000 	/usr/lib/libOpenScriptingUtil.dylib
0x0000000006b7b000 	/usr/lib/libbz2.1.0.dylib
0x0000000006b7b000 	/usr/lib/liblzma.5.dylib
0x0000000006b7b000 	/System/Library/Frameworks/CoreServices.framework/Versions/A/Frameworks/FSEvents.framework/Versions/A/FSEvents
0x0000000006b7b000 	/System/Library/Frameworks/CoreServices.framework/Versions/A/Frameworks/CarbonCore.framework/Versions/A/CarbonCore
0x0000000006b7b000 	/System/Library/Frameworks/CoreServices.framework/Versions/A/Frameworks/Metadata.framework/Versions/A/Metadata
0x0000000006b7b000 	/System/Library/Frameworks/CoreServices.framework/Versions/A/Frameworks/OSServices.framework/Versions/A/OSServices
0x0000000006b7b000 	/System/Library/Frameworks/CoreServices.framework/Versions/A/Frameworks/SearchKit.framework/Versions/A/SearchKit
0x0000000006b7b000 	/System/Library/Frameworks/CoreServices.framework/Versions/A/Frameworks/AE.framework/Versions/A/AE
0x0000000006b7b000 	/System/Library/Frameworks/CoreServices.framework/Versions/A/Frameworks/LaunchServices.framework/Versions/A/LaunchServices
0x0000000006b7b000 	/System/Library/Frameworks/CoreServices.framework/Versions/A/Frameworks/DictionaryServices.framework/Versions/A/DictionaryServices
0x0000000006b7b000 	/System/Library/Frameworks/CoreServices.framework/Versions/A/Frameworks/SharedFileList.framework/Versions/A/SharedFileList
0x0000000006b7b000 	/System/Library/Frameworks/NetFS.framework/Versions/A/NetFS
0x0000000006b7b000 	/System/Library/PrivateFrameworks/NetAuth.framework/Versions/A/NetAuth
0x0000000006b7b000 	/System/Library/PrivateFrameworks/login.framework/Versions/A/Frameworks/loginsupport.framework/Versions/A/loginsupport
0x0000000006b7b000 	/System/Library/PrivateFrameworks/TCC.framework/Versions/A/TCC
0x0000000006b7b000 	/usr/lib/libmecabra.dylib
0x0000000006b7b000 	/System/Library/Frameworks/ApplicationServices.framework/Versions/A/Frameworks/ATS.framework/Versions/A/ATS
0x0000000006b7b000 	/System/Library/Frameworks/ApplicationServices.framework/Versions/A/Frameworks/ColorSync.framework/Versions/A/ColorSync
0x0000000006b7b000 	/System/Library/Frameworks/ApplicationServices.framework/Versions/A/Frameworks/HIServices.framework/Versions/A/HIServices
0x0000000006b7b000 	/System/Library/Frameworks/ApplicationServices.framework/Versions/A/Frameworks/LangAnalysis.framework/Versions/A/LangAnalysis
0x0000000006b7b000 	/System/Library/Frameworks/ApplicationServices.framework/Versions/A/Frameworks/PrintCore.framework/Versions/A/PrintCore
0x0000000006b7b000 	/System/Library/Frameworks/ApplicationServices.framework/Versions/A/Frameworks/QD.framework/Versions/A/QD
0x0000000006b7b000 	/System/Library/Frameworks/ApplicationServices.framework/Versions/A/Frameworks/SpeechSynthesis.framework/Versions/A/SpeechSynthesis
0x0000000006b7b000 	/System/Library/Frameworks/Metal.framework/Versions/A/Metal
0x0000000006b7b000 	/System/Library/Frameworks/Accelerate.framework/Versions/A/Frameworks/vImage.framework/Versions/A/vImage
0x0000000006b7b000 	/System/Library/Frameworks/Accelerate.framework/Versions/A/Frameworks/vecLib.framework/Versions/A/vecLib
0x0000000006b7b000 	/System/Library/Frameworks/Accelerate.framework/Versions/A/Frameworks/vecLib.framework/Versions/A/libvDSP.dylib
0x0000000006b7b000 	/System/Library/Frameworks/Accelerate.framework/Versions/A/Frameworks/vecLib.framework/Versions/A/libvMisc.dylib
0x0000000006b7b000 	/System/Library/Frameworks/Accelerate.framework/Versions/A/Frameworks/vecLib.framework/Versions/A/libLAPACK.dylib
0x0000000006b7b000 	/System/Library/Frameworks/Accelerate.framework/Versions/A/Frameworks/vecLib.framework/Versions/A/libBLAS.dylib
0x0000000006b7b000 	/System/Library/Frameworks/Accelerate.framework/Versions/A/Frameworks/vecLib.framework/Versions/A/libLinearAlgebra.dylib
0x0000000006b7b000 	/System/Library/Frameworks/Accelerate.framework/Versions/A/Frameworks/vecLib.framework/Versions/A/libSparseBLAS.dylib
0x0000000006b7b000 	/System/Library/PrivateFrameworks/GPUCompiler.framework/libmetal_timestamp.dylib
0x0000000006b7b000 	/System/Library/Frameworks/OpenGL.framework/Versions/A/Libraries/libCoreFSCache.dylib
0x0000000006b7b000 	/System/Library/PrivateFrameworks/IOAccelerator.framework/Versions/A/IOAccelerator
0x0000000006b7b000 	/System/Library/Frameworks/ApplicationServices.framework/Versions/A/Frameworks/ATS.framework/Versions/A/Resources/libFontParser.dylib
0x0000000006b7b000 	/System/Library/Frameworks/ApplicationServices.framework/Versions/A/Frameworks/ATS.framework/Versions/A/Resources/libFontRegistry.dylib
0x0000000006b7b000 	/System/Library/PrivateFrameworks/AppleVPA.framework/Versions/A/AppleVPA
0x0000000006b7b000 	/System/Library/PrivateFrameworks/AppleJPEG.framework/Versions/A/AppleJPEG
0x0000000006b7b000 	/System/Library/Frameworks/ImageIO.framework/Versions/A/Resources/libJPEG.dylib
0x0000000006b7b000 	/System/Library/Frameworks/ImageIO.framework/Versions/A/Resources/libTIFF.dylib
0x0000000006b7b000 	/System/Library/Frameworks/ImageIO.framework/Versions/A/Resources/libPng.dylib
0x0000000006b7b000 	/System/Library/Frameworks/ImageIO.framework/Versions/A/Resources/libGIF.dylib
0x0000000006b7b000 	/System/Library/Frameworks/ImageIO.framework/Versions/A/Resources/libJP2.dylib
0x0000000006b7b000 	/System/Library/Frameworks/ImageIO.framework/Versions/A/Resources/libRadiance.dylib
0x0000000006b7b000 	/System/Library/Frameworks/CoreVideo.framework/Versions/A/CoreVideo
0x0000000006b7b000 	/System/Library/Frameworks/OpenGL.framework/Versions/A/Libraries/libGLU.dylib
0x0000000006b7b000 	/System/Library/Frameworks/OpenGL.framework/Versions/A/Libraries/libGFXShared.dylib
0x0000000006b7b000 	/System/Library/Frameworks/OpenGL.framework/Versions/A/Libraries/libGL.dylib
0x0000000006b7b000 	/System/Library/Frameworks/OpenGL.framework/Versions/A/Libraries/libGLImage.dylib
0x0000000006b7b000 	/System/Library/Frameworks/OpenGL.framework/Versions/A/Libraries/libCVMSPluginSupport.dylib
0x0000000006b7b000 	/System/Library/Frameworks/OpenGL.framework/Versions/A/Libraries/libCoreVMClient.dylib
0x0000000006b7b000 	/usr/lib/libcompression.dylib
0x0000000006b7b000 	/usr/lib/libcups.2.dylib
0x0000000006b7b000 	/System/Library/Frameworks/Kerberos.framework/Versions/A/Kerberos
0x0000000006b7b000 	/System/Library/Frameworks/GSS.framework/Versions/A/GSS
0x0000000006b7b000 	/usr/lib/libresolv.9.dylib
0x0000000006b7b000 	/usr/lib/libiconv.2.dylib
0x0000000006b7b000 	/System/Library/PrivateFrameworks/Heimdal.framework/Versions/A/Heimdal
0x0000000006b7b000 	/usr/lib/libheimdal-asn1.dylib
0x0000000006b7b000 	/System/Library/Frameworks/OpenDirectory.framework/Versions/A/OpenDirectory
0x0000000006b7b000 	/System/Library/PrivateFrameworks/CommonAuth.framework/Versions/A/CommonAuth
0x0000000006b7b000 	/System/Library/Frameworks/OpenDirectory.framework/Versions/A/Frameworks/CFOpenDirectory.framework/Versions/A/CFOpenDirectory
0x0000000006b7b000 	/System/Library/Frameworks/SecurityFoundation.framework/Versions/A/SecurityFoundation
0x0000000006b7b000 	/System/Library/PrivateFrameworks/LanguageModeling.framework/Versions/A/LanguageModeling
0x0000000006b7b000 	/usr/lib/libmarisa.dylib
0x0000000006b7b000 	/usr/lib/libChineseTokenizer.dylib
0x0000000006b7b000 	/usr/lib/libcmph.dylib
0x0000000006b7b000 	/System/Library/Frameworks/ServiceManagement.framework/Versions/A/ServiceManagement
0x0000000006b7b000 	/usr/lib/libxslt.1.dylib
0x0000000006b7b000 	/System/Library/Frameworks/Carbon.framework/Versions/A/Frameworks/Ink.framework/Versions/A/Ink
0x0000000006b7b000 	/usr/lib/libFosl_dynamic.dylib
0x0000000006b7b000 	/System/Library/PrivateFrameworks/FaceCore.framework/Versions/A/FaceCore
0x0000000006b7b000 	/System/Library/Frameworks/OpenCL.framework/Versions/A/OpenCL
0x0000000006b7b000 	/System/Library/PrivateFrameworks/CrashReporterSupport.framework/Versions/A/CrashReporterSupport
0x0000000006b7b000 	/System/Library/PrivateFrameworks/IconServices.framework/Versions/A/IconServices
0x0000000006b7b000 	/System/Library/PrivateFrameworks/Apple80211.framework/Versions/A/Apple80211
0x0000000006b7b000 	/System/Library/Frameworks/CoreWLAN.framework/Versions/A/CoreWLAN
0x0000000006b7b000 	/System/Library/Frameworks/IOBluetooth.framework/Versions/A/IOBluetooth
0x0000000006b7b000 	/System/Library/PrivateFrameworks/CoreWiFi.framework/Versions/A/CoreWiFi
0x0000000006b7b000 	/System/Library/Frameworks/CoreBluetooth.framework/Versions/A/CoreBluetooth
0x0000000006b7b000 	/System/Library/PrivateFrameworks/ChunkingLibrary.framework/Versions/A/ChunkingLibrary
0x0000000006b7b000 	/System/Library/PrivateFrameworks/DebugSymbols.framework/Versions/A/DebugSymbols
0x0000000006b7b000 	/System/Library/PrivateFrameworks/CoreSymbolication.framework/Versions/A/CoreSymbolication
0x0000000006b7b000 	/System/Library/PrivateFrameworks/Symbolication.framework/Versions/A/Symbolication
0x0000000006b7b000 	/System/Library/PrivateFrameworks/SpeechRecognitionCore.framework/Versions/A/SpeechRecognitionCore
0x000000010b600000 	/Library/Java/JavaVirtualMachines/jdk1.8.0_11.jdk/Contents/Home/jre/lib/server/libjvm.dylib
0x0000000006b7b000 	/usr/lib/libstdc++.6.dylib
0x000000010a470000 	/Library/Java/JavaVirtualMachines/jdk1.8.0_11.jdk/Contents/Home/jre/lib/libverify.dylib
0x000000010a47e000 	/Library/Java/JavaVirtualMachines/jdk1.8.0_11.jdk/Contents/Home/jre/lib/libjava.dylib
0x000000010a4b3000 	/Library/Java/JavaVirtualMachines/jdk1.8.0_11.jdk/Contents/Home/jre/lib/libjdwp.dylib
0x000000010a4fe000 	/Library/Java/JavaVirtualMachines/jdk1.8.0_11.jdk/Contents/Home/jre/lib/libnpt.dylib
0x000000010a50b000 	/Library/Java/JavaVirtualMachines/jdk1.8.0_11.jdk/Contents/Home/jre/lib/libzip.dylib
0x00000001274a0000 	/System/Library/Frameworks/JavaVM.framework/Frameworks/JavaRuntimeSupport.framework/JavaRuntimeSupport
0x000000010a5e8000 	/System/Library/Frameworks/JavaVM.framework/Versions/A/Frameworks/JavaNativeFoundation.framework/Versions/A/JavaNativeFoundation
0x00000001274bb000 	/System/Library/Frameworks/JavaVM.framework/Versions/A/JavaVM
0x0000000006b7b000 	/System/Library/Frameworks/Carbon.framework/Versions/A/Carbon
0x00000001274c8000 	/System/Library/PrivateFrameworks/JavaLaunching.framework/Versions/A/JavaLaunching
0x0000000006b7b000 	/System/Library/Frameworks/Carbon.framework/Versions/A/Frameworks/CommonPanels.framework/Versions/A/CommonPanels
0x0000000006b7b000 	/System/Library/Frameworks/Carbon.framework/Versions/A/Frameworks/Help.framework/Versions/A/Help
0x0000000006b7b000 	/System/Library/Frameworks/Carbon.framework/Versions/A/Frameworks/ImageCapture.framework/Versions/A/ImageCapture
0x0000000006b7b000 	/System/Library/Frameworks/Carbon.framework/Versions/A/Frameworks/OpenScripting.framework/Versions/A/OpenScripting
0x0000000006b7b000 	/System/Library/Frameworks/Carbon.framework/Versions/A/Frameworks/Print.framework/Versions/A/Print
0x0000000006b7b000 	/System/Library/Frameworks/Carbon.framework/Versions/A/Frameworks/SecurityHI.framework/Versions/A/SecurityHI
0x0000000128de8000 	/Library/Java/JavaVirtualMachines/jdk1.8.0_11.jdk/Contents/Home/jre/lib/libdt_socket.dylib

VM Arguments:
jvm_args: -agentlib:jdwp=transport=dt_socket,suspend=y,address=localhost:56626 -Dfile.encoding=UTF-8 
java_command: com.duke.spws.wk2.debugp1.abc_Finder
java_class_path (initial): /Users/jenny/Documents/workspace/duke/debugp1/bin:/Users/jenny/Downloads/apache-csv.jar:/Users/jenny/Downloads/courserajava.jar
Launcher Type: SUN_STANDARD

Environment Variables:
PATH=/usr/bin:/bin:/usr/sbin:/sbin
SHELL=/bin/bash

Signal Handlers:
SIGSEGV: [libjvm.dylib+0x56059b], sa_mask[0]=0xfffefeff, sa_flags=0x00000043
SIGBUS: [libjvm.dylib+0x56059b], sa_mask[0]=0xfffefeff, sa_flags=0x00000042
SIGFPE: [libjvm.dylib+0x4438f2], sa_mask[0]=0xfffefeff, sa_flags=0x00000042
SIGPIPE: [libjvm.dylib+0x4438f2], sa_mask[0]=0xfffefeff, sa_flags=0x00000042
SIGXFSZ: [libjvm.dylib+0x4438f2], sa_mask[0]=0xfffefeff, sa_flags=0x00000042
SIGILL: [libjvm.dylib+0x4438f2], sa_mask[0]=0xfffefeff, sa_flags=0x00000042
SIGUSR1: SIG_DFL, sa_mask[0]=0x00000000, sa_flags=0x00000000
SIGUSR2: [libjvm.dylib+0x443410], sa_mask[0]=0x00000004, sa_flags=0x00000042
SIGHUP: [libjvm.dylib+0x44179b], sa_mask[0]=0xfffefeff, sa_flags=0x00000042
SIGINT: [libjvm.dylib+0x44179b], sa_mask[0]=0xfffefeff, sa_flags=0x00000042
SIGTERM: [libjvm.dylib+0x44179b], sa_mask[0]=0xfffefeff, sa_flags=0x00000042
SIGQUIT: [libjvm.dylib+0x44179b], sa_mask[0]=0xfffefeff, sa_flags=0x00000042


---------------  S Y S T E M  ---------------

OS:Bsduname:Darwin 15.5.0 Darwin Kernel Version 15.5.0: Tue Apr 19 18:36:36 PDT 2016; root:xnu-3248.50.21~8/RELEASE_X86_64 x86_64
rlimit: STACK 8192k, CORE 0k, NPROC 709, NOFILE 10240, AS infinity
load average:1.74 1.76 1.74

CPU:total 8 (4 cores per cpu, 2 threads per core) family 6 model 70 stepping 1, cmov, cx8, fxsr, mmx, sse, sse2, sse3, ssse3, sse4.1, sse4.2, popcnt, avx, avx2, aes, clmul, erms, ht, tsc, tscinvbit

Memory: 4k page, physical 16777216k(1984328k free)

/proc/meminfo:


vm_info: Java HotSpot(TM) 64-Bit Server VM (25.11-b03) for bsd-amd64 JRE (1.8.0_11-b12), built on Jun 16 2014 17:39:42 by "java_re" with gcc 4.2.1 (Based on Apple Inc. build 5658) (LLVM build 2336.11.00)

time: Mon May 23 12:19:51 2016
elapsed time: 2055 seconds

